2019-11-14 17:11:19.874 INFO  eth.prototype.queryTokenBalance balance is: 
2019-11-14 17:11:19.874 INFO  0 in wei 
2019-11-14 17:11:19.874 INFO  0 in ether 
2019-11-14 17:11:22.142 INFO  eth.prototype.queryTokenBalance balance is: 
2019-11-14 17:11:22.142 INFO  0 in wei 
2019-11-14 17:11:22.142 INFO  0 in ether 
2019-11-14 17:11:24.398 INFO  eth.prototype.queryTokenBalance balance is: 
2019-11-14 17:11:24.398 INFO  0 in wei 
2019-11-14 17:11:24.398 INFO  0 in ether 
2019-11-14 17:11:26.659 INFO  eth.prototype.queryTokenBalance balance is: 
2019-11-14 17:11:26.659 INFO  0 in wei 
2019-11-14 17:11:26.660 INFO  0 in ether 
2019-11-14 17:11:28.926 INFO  eth.prototype.queryTokenBalance balance is: 
2019-11-14 17:11:28.926 INFO  0 in wei 
2019-11-14 17:11:28.926 INFO  0 in ether 
2019-11-14 17:32:24.744 INFO  eth.prototype.queryTokenBalance balance is: 
2019-11-14 17:32:24.744 INFO  0 in wei 
2019-11-14 17:32:24.744 INFO  0 in ether 
2019-11-14 17:32:25.110 INFO  eth.prototype.queryTokenBalance balance is: 
2019-11-14 17:32:25.110 INFO  0 in wei 
2019-11-14 17:32:25.110 INFO  0 in ether 
2019-11-14 17:32:25.496 INFO  eth.prototype.queryTokenBalance balance is: 
2019-11-14 17:32:25.496 INFO  0 in wei 
2019-11-14 17:32:25.497 INFO  0 in ether 
2019-11-14 17:32:25.859 INFO  eth.prototype.queryTokenBalance balance is: 
2019-11-14 17:32:25.859 INFO  0 in wei 
2019-11-14 17:32:25.859 INFO  0 in ether 
2019-11-14 17:32:26.220 INFO  eth.prototype.queryTokenBalance balance is: 
2019-11-14 17:32:26.220 INFO  0 in wei 
2019-11-14 17:32:26.220 INFO  0 in ether 
2019-11-14 17:32:26.579 INFO  eth.prototype.queryTokenBalance balance is: 
2019-11-14 17:32:26.579 INFO  0 in wei 
2019-11-14 17:32:26.579 INFO  0 in ether 
2019-11-14 17:32:26.941 INFO  eth.prototype.queryTokenBalance balance is: 
2019-11-14 17:32:26.941 INFO  0 in wei 
2019-11-14 17:32:26.941 INFO  0 in ether 
2019-11-14 17:32:27.315 INFO  eth.prototype.queryTokenBalance balance is: 
2019-11-14 17:32:27.315 INFO  0 in wei 
2019-11-14 17:32:27.315 INFO  0 in ether 
2019-11-14 18:06:05.322 INFO  eth.prototype.queryTokenBalance balance is: 
2019-11-14 18:06:05.322 INFO  0 in wei 
2019-11-14 18:06:05.322 INFO  0 in ether 
2019-11-14 18:07:38.520 INFO  collect token for: 
2019-11-14 18:07:38.520 INFO  {"address":"0xeA4876beFA5d43D12B4392f4DAdDB3a4Bf174d7B","privkey":"AE4BF08477F54838B49538CB08F7E70D8344B01D54815760038A495FABD32C40"} 
2019-11-14 18:07:39.536 INFO  eth.prototype.queryTokenBalance balance is: 
2019-11-14 18:07:39.536 INFO  0 in wei 
2019-11-14 18:07:39.536 INFO  0 in ether 
2019-11-14 18:07:39.536 INFO  balance:0 
2019-11-14 18:07:39.536 INFO  token余额为0，无需归集 
2019-11-14 18:07:39.537 INFO  collect token for: 
2019-11-14 18:07:39.537 INFO  {"address":"0x6Cc191454B878b218Bef2b7DDD3a87ecc8797d28","privkey":"1BF58C6FA80BC6BA332916DB824349F6EDEFAA3E97B616FA1617B7BE688E7137"} 
2019-11-14 18:07:39.549 INFO  此账号正在归集，跳过 
2019-11-14 18:07:39.549 INFO  collect token for: 
2019-11-14 18:07:39.549 INFO  {"address":"0x8d1aADAF05f7B174Bd1E4763c49427c867714aAD","privkey":"9A1654F97210124B7521366253C555D3263AA698481CC770180EB93F1ED04EB6"} 
2019-11-14 18:07:39.819 INFO  eth.prototype.queryTokenBalance balance is: 
2019-11-14 18:07:39.819 INFO  0 in wei 
2019-11-14 18:07:39.819 INFO  0 in ether 
2019-11-14 18:07:39.819 INFO  balance:0 
2019-11-14 18:07:39.819 INFO  token余额为0，无需归集 
2019-11-14 18:07:39.819 INFO  collect token for: 
2019-11-14 18:07:39.819 INFO  {"address":"0xbfAfe3Ea7C82FDaA0FCBFCB6fD7fddA887D93e5f","privkey":"7B6911FE2FE22D1446BA1940B53469786CAFFBA72EF9402286ABEE4E9D6E9498"} 
2019-11-14 18:07:40.068 INFO  eth.prototype.queryTokenBalance balance is: 
2019-11-14 18:07:40.068 INFO  0 in wei 
2019-11-14 18:07:40.068 INFO  0 in ether 
2019-11-14 18:07:40.068 INFO  balance:0 
2019-11-14 18:07:40.068 INFO  token余额为0，无需归集 
2019-11-14 18:07:40.068 INFO  collect token for: 
2019-11-14 18:07:40.068 INFO  {"address":"0xE50924BD6389a831c14BCe1fa1564D7a08b99820","privkey":"D92004166A559FF3515685073D1574073F30BACF5222A0D88DD5C1A7D8B909D6"} 
2019-11-14 18:07:40.309 INFO  eth.prototype.queryTokenBalance balance is: 
2019-11-14 18:07:40.309 INFO  0 in wei 
2019-11-14 18:07:40.309 INFO  0 in ether 
2019-11-14 18:07:40.309 INFO  balance:0 
2019-11-14 18:07:40.309 INFO  token余额为0，无需归集 
2019-11-14 18:07:40.309 INFO  collect token for: 
2019-11-14 18:07:40.309 INFO  {"address":"0x0762864F9Cbb1A590b6d61f28cfC52C7b295F8dd","privkey":"E72F69243D2641E4DB52E4C54EF7ECE8C59825A71A3CB8B7A84B4583F6925530"} 
2019-11-14 18:07:40.566 INFO  eth.prototype.queryTokenBalance balance is: 
2019-11-14 18:07:40.566 INFO  0 in wei 
2019-11-14 18:07:40.566 INFO  0 in ether 
2019-11-14 18:07:40.566 INFO  balance:0 
2019-11-14 18:07:40.566 INFO  token余额为0，无需归集 
2019-11-14 18:07:40.566 INFO  collect token for: 
2019-11-14 18:07:40.566 INFO  {"address":"0x188A39764802e2768219802ADdA4585A1Ac09c62","privkey":"E7A48F4A22D6C41517E7B12D444EC3A3B67DF8B2C2EA7C806B2E1E55EE668F16"} 
2019-11-14 18:07:40.813 INFO  eth.prototype.queryTokenBalance balance is: 
2019-11-14 18:07:40.813 INFO  0 in wei 
2019-11-14 18:07:40.813 INFO  0 in ether 
2019-11-14 18:07:40.813 INFO  balance:0 
2019-11-14 18:07:40.813 INFO  token余额为0，无需归集 
2019-11-14 18:09:06.970 INFO  collect token for: 
2019-11-14 18:09:06.970 INFO  {"address":"0xeA4876beFA5d43D12B4392f4DAdDB3a4Bf174d7B","privkey":"AE4BF08477F54838B49538CB08F7E70D8344B01D54815760038A495FABD32C40"} 
2019-11-14 18:09:07.995 INFO  eth.prototype.queryTokenBalance balance is: 
2019-11-14 18:09:07.995 INFO  0 in wei 
2019-11-14 18:09:07.995 INFO  0 in ether 
2019-11-14 18:09:07.995 INFO  balance:0 
2019-11-14 18:09:07.995 INFO  token余额为0，无需归集 
2019-11-14 18:09:07.995 INFO  collect token for: 
2019-11-14 18:09:07.995 INFO  {"address":"0x6Cc191454B878b218Bef2b7DDD3a87ecc8797d28","privkey":"1BF58C6FA80BC6BA332916DB824349F6EDEFAA3E97B616FA1617B7BE688E7137"} 
2019-11-14 18:09:07.998 INFO  此账号正在归集，跳过 
2019-11-14 18:09:07.998 INFO  collect token for: 
2019-11-14 18:09:07.998 INFO  {"address":"0x8d1aADAF05f7B174Bd1E4763c49427c867714aAD","privkey":"9A1654F97210124B7521366253C555D3263AA698481CC770180EB93F1ED04EB6"} 
2019-11-14 18:09:08.265 INFO  eth.prototype.queryTokenBalance balance is: 
2019-11-14 18:09:08.265 INFO  0 in wei 
2019-11-14 18:09:08.265 INFO  0 in ether 
2019-11-14 18:09:08.265 INFO  balance:0 
2019-11-14 18:09:08.265 INFO  token余额为0，无需归集 
2019-11-14 18:09:08.265 INFO  collect token for: 
2019-11-14 18:09:08.265 INFO  {"address":"0xbfAfe3Ea7C82FDaA0FCBFCB6fD7fddA887D93e5f","privkey":"7B6911FE2FE22D1446BA1940B53469786CAFFBA72EF9402286ABEE4E9D6E9498"} 
2019-11-14 18:09:08.534 INFO  eth.prototype.queryTokenBalance balance is: 
2019-11-14 18:09:08.534 INFO  0 in wei 
2019-11-14 18:09:08.534 INFO  0 in ether 
2019-11-14 18:09:08.534 INFO  balance:0 
2019-11-14 18:09:08.534 INFO  token余额为0，无需归集 
2019-11-14 18:09:08.534 INFO  collect token for: 
2019-11-14 18:09:08.534 INFO  {"address":"0xE50924BD6389a831c14BCe1fa1564D7a08b99820","privkey":"D92004166A559FF3515685073D1574073F30BACF5222A0D88DD5C1A7D8B909D6"} 
2019-11-14 18:09:08.779 INFO  eth.prototype.queryTokenBalance balance is: 
2019-11-14 18:09:08.779 INFO  0 in wei 
2019-11-14 18:09:08.779 INFO  0 in ether 
2019-11-14 18:09:08.779 INFO  balance:0 
2019-11-14 18:09:08.779 INFO  token余额为0，无需归集 
2019-11-14 18:09:08.779 INFO  collect token for: 
2019-11-14 18:09:08.779 INFO  {"address":"0x0762864F9Cbb1A590b6d61f28cfC52C7b295F8dd","privkey":"E72F69243D2641E4DB52E4C54EF7ECE8C59825A71A3CB8B7A84B4583F6925530"} 
2019-11-14 18:09:09.035 INFO  eth.prototype.queryTokenBalance balance is: 
2019-11-14 18:09:09.035 INFO  0 in wei 
2019-11-14 18:09:09.035 INFO  0 in ether 
2019-11-14 18:09:09.035 INFO  balance:0 
2019-11-14 18:09:09.035 INFO  token余额为0，无需归集 
2019-11-14 18:09:09.035 INFO  collect token for: 
2019-11-14 18:09:09.035 INFO  {"address":"0x188A39764802e2768219802ADdA4585A1Ac09c62","privkey":"E7A48F4A22D6C41517E7B12D444EC3A3B67DF8B2C2EA7C806B2E1E55EE668F16"} 
2019-11-14 18:09:09.294 INFO  eth.prototype.queryTokenBalance balance is: 
2019-11-14 18:09:09.294 INFO  0 in wei 
2019-11-14 18:09:09.294 INFO  0 in ether 
2019-11-14 18:09:09.294 INFO  balance:0 
2019-11-14 18:09:09.294 INFO  token余额为0，无需归集 
2019-11-14 18:10:08.479 INFO  [{"address":"0xeA4876beFA5d43D12B4392f4DAdDB3a4Bf174d7B","privkey":"AE4BF08477F54838B49538CB08F7E70D8344B01D54815760038A495FABD32C40"},{"address":"0x6Cc191454B878b218Bef2b7DDD3a87ecc8797d28","privkey":"1BF58C6FA80BC6BA332916DB824349F6EDEFAA3E97B616FA1617B7BE688E7137"},{"address":"0x8d1aADAF05f7B174Bd1E4763c49427c867714aAD","privkey":"9A1654F97210124B7521366253C555D3263AA698481CC770180EB93F1ED04EB6"},{"address":"0xbfAfe3Ea7C82FDaA0FCBFCB6fD7fddA887D93e5f","privkey":"7B6911FE2FE22D1446BA1940B53469786CAFFBA72EF9402286ABEE4E9D6E9498"},{"address":"0xE50924BD6389a831c14BCe1fa1564D7a08b99820","privkey":"D92004166A559FF3515685073D1574073F30BACF5222A0D88DD5C1A7D8B909D6"},{"address":"0x0762864F9Cbb1A590b6d61f28cfC52C7b295F8dd","privkey":"E72F69243D2641E4DB52E4C54EF7ECE8C59825A71A3CB8B7A84B4583F6925530"},{"address":"0x188A39764802e2768219802ADdA4585A1Ac09c62","privkey":"E7A48F4A22D6C41517E7B12D444EC3A3B67DF8B2C2EA7C806B2E1E55EE668F16"}] 
2019-11-14 18:10:08.479 INFO  collect token for: 
2019-11-14 18:10:08.479 INFO  {"address":"0xeA4876beFA5d43D12B4392f4DAdDB3a4Bf174d7B","privkey":"AE4BF08477F54838B49538CB08F7E70D8344B01D54815760038A495FABD32C40"} 
2019-11-14 18:10:09.492 INFO  eth.prototype.queryTokenBalance balance is: 
2019-11-14 18:10:09.493 INFO  0 in wei 
2019-11-14 18:10:09.493 INFO  0 in ether 
2019-11-14 18:10:09.493 INFO  balance:0 
2019-11-14 18:10:09.493 INFO  token余额为0，无需归集 
2019-11-14 18:10:09.493 INFO  collect token for: 
2019-11-14 18:10:09.493 INFO  {"address":"0x6Cc191454B878b218Bef2b7DDD3a87ecc8797d28","privkey":"1BF58C6FA80BC6BA332916DB824349F6EDEFAA3E97B616FA1617B7BE688E7137"} 
2019-11-14 18:10:09.502 INFO  此账号正在归集，跳过 
2019-11-14 18:10:09.502 INFO  collect token for: 
2019-11-14 18:10:09.502 INFO  {"address":"0x8d1aADAF05f7B174Bd1E4763c49427c867714aAD","privkey":"9A1654F97210124B7521366253C555D3263AA698481CC770180EB93F1ED04EB6"} 
2019-11-14 18:10:09.751 INFO  eth.prototype.queryTokenBalance balance is: 
2019-11-14 18:10:09.751 INFO  0 in wei 
2019-11-14 18:10:09.751 INFO  0 in ether 
2019-11-14 18:10:09.751 INFO  balance:0 
2019-11-14 18:10:09.751 INFO  token余额为0，无需归集 
2019-11-14 18:10:09.751 INFO  collect token for: 
2019-11-14 18:10:09.751 INFO  {"address":"0xbfAfe3Ea7C82FDaA0FCBFCB6fD7fddA887D93e5f","privkey":"7B6911FE2FE22D1446BA1940B53469786CAFFBA72EF9402286ABEE4E9D6E9498"} 
2019-11-14 18:10:10.066 INFO  eth.prototype.queryTokenBalance balance is: 
2019-11-14 18:10:10.066 INFO  0 in wei 
2019-11-14 18:10:10.066 INFO  0 in ether 
2019-11-14 18:10:10.066 INFO  balance:0 
2019-11-14 18:10:10.066 INFO  token余额为0，无需归集 
2019-11-14 18:10:10.066 INFO  collect token for: 
2019-11-14 18:10:10.066 INFO  {"address":"0xE50924BD6389a831c14BCe1fa1564D7a08b99820","privkey":"D92004166A559FF3515685073D1574073F30BACF5222A0D88DD5C1A7D8B909D6"} 
2019-11-14 18:10:10.389 INFO  eth.prototype.queryTokenBalance balance is: 
2019-11-14 18:10:10.389 INFO  0 in wei 
2019-11-14 18:10:10.389 INFO  0 in ether 
2019-11-14 18:10:10.389 INFO  balance:0 
2019-11-14 18:10:10.389 INFO  token余额为0，无需归集 
2019-11-14 18:10:10.389 INFO  collect token for: 
2019-11-14 18:10:10.389 INFO  {"address":"0x0762864F9Cbb1A590b6d61f28cfC52C7b295F8dd","privkey":"E72F69243D2641E4DB52E4C54EF7ECE8C59825A71A3CB8B7A84B4583F6925530"} 
2019-11-14 18:10:10.684 INFO  eth.prototype.queryTokenBalance balance is: 
2019-11-14 18:10:10.684 INFO  0 in wei 
2019-11-14 18:10:10.684 INFO  0 in ether 
2019-11-14 18:10:10.684 INFO  balance:0 
2019-11-14 18:10:10.684 INFO  token余额为0，无需归集 
2019-11-14 18:10:10.684 INFO  collect token for: 
2019-11-14 18:10:10.684 INFO  {"address":"0x188A39764802e2768219802ADdA4585A1Ac09c62","privkey":"E7A48F4A22D6C41517E7B12D444EC3A3B67DF8B2C2EA7C806B2E1E55EE668F16"} 
2019-11-14 18:10:10.942 INFO  eth.prototype.queryTokenBalance balance is: 
2019-11-14 18:10:10.942 INFO  0 in wei 
2019-11-14 18:10:10.942 INFO  0 in ether 
2019-11-14 18:10:10.942 INFO  balance:0 
2019-11-14 18:10:10.942 INFO  token余额为0，无需归集 
2019-11-14 18:11:45.836 INFO  [{"address":"0xeA4876beFA5d43D12B4392f4DAdDB3a4Bf174d7B","privkey":"AE4BF08477F54838B49538CB08F7E70D8344B01D54815760038A495FABD32C40"},{"address":"0x6Cc191454B878b218Bef2b7DDD3a87ecc8797d28","privkey":"1BF58C6FA80BC6BA332916DB824349F6EDEFAA3E97B616FA1617B7BE688E7137"},{"address":"0x8d1aADAF05f7B174Bd1E4763c49427c867714aAD","privkey":"9A1654F97210124B7521366253C555D3263AA698481CC770180EB93F1ED04EB6"},{"address":"0xbfAfe3Ea7C82FDaA0FCBFCB6fD7fddA887D93e5f","privkey":"7B6911FE2FE22D1446BA1940B53469786CAFFBA72EF9402286ABEE4E9D6E9498"},{"address":"0xE50924BD6389a831c14BCe1fa1564D7a08b99820","privkey":"D92004166A559FF3515685073D1574073F30BACF5222A0D88DD5C1A7D8B909D6"},{"address":"0x0762864F9Cbb1A590b6d61f28cfC52C7b295F8dd","privkey":"E72F69243D2641E4DB52E4C54EF7ECE8C59825A71A3CB8B7A84B4583F6925530"},{"address":"0x188A39764802e2768219802ADdA4585A1Ac09c62","privkey":"E7A48F4A22D6C41517E7B12D444EC3A3B67DF8B2C2EA7C806B2E1E55EE668F16"},{"address":"0x119ef6aDca1C5ad1435A55f8087218f03eF2fd65","privkey":"7EC1F7D0C83CC57D28805EF5F5CAFA5EA0018EE39C54EF9469D5AA9DF5FCA228"}] 
2019-11-14 18:11:45.836 INFO  collect token for: 
2019-11-14 18:11:45.836 INFO  {"address":"0xeA4876beFA5d43D12B4392f4DAdDB3a4Bf174d7B","privkey":"AE4BF08477F54838B49538CB08F7E70D8344B01D54815760038A495FABD32C40"} 
2019-11-14 18:11:46.987 INFO  eth.prototype.queryTokenBalance balance is: 
2019-11-14 18:11:46.987 INFO  0 in wei 
2019-11-14 18:11:46.987 INFO  0 in ether 
2019-11-14 18:11:46.987 INFO  balance:0 
2019-11-14 18:11:46.987 INFO  token余额为0，无需归集 
2019-11-14 18:11:46.987 INFO  collect token for: 
2019-11-14 18:11:46.987 INFO  {"address":"0x6Cc191454B878b218Bef2b7DDD3a87ecc8797d28","privkey":"1BF58C6FA80BC6BA332916DB824349F6EDEFAA3E97B616FA1617B7BE688E7137"} 
2019-11-14 18:11:46.990 INFO  此账号正在归集，跳过 
2019-11-14 18:11:46.990 INFO  collect token for: 
2019-11-14 18:11:46.990 INFO  {"address":"0x8d1aADAF05f7B174Bd1E4763c49427c867714aAD","privkey":"9A1654F97210124B7521366253C555D3263AA698481CC770180EB93F1ED04EB6"} 
2019-11-14 18:11:47.244 INFO  eth.prototype.queryTokenBalance balance is: 
2019-11-14 18:11:47.244 INFO  0 in wei 
2019-11-14 18:11:47.244 INFO  0 in ether 
2019-11-14 18:11:47.244 INFO  balance:0 
2019-11-14 18:11:47.244 INFO  token余额为0，无需归集 
2019-11-14 18:11:47.244 INFO  collect token for: 
2019-11-14 18:11:47.244 INFO  {"address":"0xbfAfe3Ea7C82FDaA0FCBFCB6fD7fddA887D93e5f","privkey":"7B6911FE2FE22D1446BA1940B53469786CAFFBA72EF9402286ABEE4E9D6E9498"} 
2019-11-14 18:11:47.533 INFO  eth.prototype.queryTokenBalance balance is: 
2019-11-14 18:11:47.533 INFO  0 in wei 
2019-11-14 18:11:47.533 INFO  0 in ether 
2019-11-14 18:11:47.533 INFO  balance:0 
2019-11-14 18:11:47.533 INFO  token余额为0，无需归集 
2019-11-14 18:11:47.533 INFO  collect token for: 
2019-11-14 18:11:47.533 INFO  {"address":"0xE50924BD6389a831c14BCe1fa1564D7a08b99820","privkey":"D92004166A559FF3515685073D1574073F30BACF5222A0D88DD5C1A7D8B909D6"} 
2019-11-14 18:11:47.787 INFO  eth.prototype.queryTokenBalance balance is: 
2019-11-14 18:11:47.787 INFO  0 in wei 
2019-11-14 18:11:47.787 INFO  0 in ether 
2019-11-14 18:11:47.787 INFO  balance:0 
2019-11-14 18:11:47.787 INFO  token余额为0，无需归集 
2019-11-14 18:11:47.787 INFO  collect token for: 
2019-11-14 18:11:47.787 INFO  {"address":"0x0762864F9Cbb1A590b6d61f28cfC52C7b295F8dd","privkey":"E72F69243D2641E4DB52E4C54EF7ECE8C59825A71A3CB8B7A84B4583F6925530"} 
2019-11-14 18:11:48.047 INFO  eth.prototype.queryTokenBalance balance is: 
2019-11-14 18:11:48.048 INFO  0 in wei 
2019-11-14 18:11:48.048 INFO  0 in ether 
2019-11-14 18:11:48.048 INFO  balance:0 
2019-11-14 18:11:48.048 INFO  token余额为0，无需归集 
2019-11-14 18:11:48.048 INFO  collect token for: 
2019-11-14 18:11:48.048 INFO  {"address":"0x188A39764802e2768219802ADdA4585A1Ac09c62","privkey":"E7A48F4A22D6C41517E7B12D444EC3A3B67DF8B2C2EA7C806B2E1E55EE668F16"} 
2019-11-14 18:11:48.312 INFO  eth.prototype.queryTokenBalance balance is: 
2019-11-14 18:11:48.312 INFO  0 in wei 
2019-11-14 18:11:48.312 INFO  0 in ether 
2019-11-14 18:11:48.312 INFO  balance:0 
2019-11-14 18:11:48.312 INFO  token余额为0，无需归集 
2019-11-14 18:11:48.312 INFO  collect token for: 
2019-11-14 18:11:48.312 INFO  {"address":"0x119ef6aDca1C5ad1435A55f8087218f03eF2fd65","privkey":"7EC1F7D0C83CC57D28805EF5F5CAFA5EA0018EE39C54EF9469D5AA9DF5FCA228"} 
2019-11-14 18:11:48.316 INFO  此账号正在归集，跳过 
2019-11-14 18:13:16.170 INFO  [{"address":"0xeA4876beFA5d43D12B4392f4DAdDB3a4Bf174d7B","privkey":"AE4BF08477F54838B49538CB08F7E70D8344B01D54815760038A495FABD32C40"},{"address":"0x6Cc191454B878b218Bef2b7DDD3a87ecc8797d28","privkey":"1BF58C6FA80BC6BA332916DB824349F6EDEFAA3E97B616FA1617B7BE688E7137"},{"address":"0x8d1aADAF05f7B174Bd1E4763c49427c867714aAD","privkey":"9A1654F97210124B7521366253C555D3263AA698481CC770180EB93F1ED04EB6"},{"address":"0xbfAfe3Ea7C82FDaA0FCBFCB6fD7fddA887D93e5f","privkey":"7B6911FE2FE22D1446BA1940B53469786CAFFBA72EF9402286ABEE4E9D6E9498"},{"address":"0xE50924BD6389a831c14BCe1fa1564D7a08b99820","privkey":"D92004166A559FF3515685073D1574073F30BACF5222A0D88DD5C1A7D8B909D6"},{"address":"0x0762864F9Cbb1A590b6d61f28cfC52C7b295F8dd","privkey":"E72F69243D2641E4DB52E4C54EF7ECE8C59825A71A3CB8B7A84B4583F6925530"},{"address":"0x188A39764802e2768219802ADdA4585A1Ac09c62","privkey":"E7A48F4A22D6C41517E7B12D444EC3A3B67DF8B2C2EA7C806B2E1E55EE668F16"},{"address":"0x119ef6aDca1C5ad1435A55f8087218f03eF2fd65","privkey":"7EC1F7D0C83CC57D28805EF5F5CAFA5EA0018EE39C54EF9469D5AA9DF5FCA228"}] 
2019-11-14 18:13:16.170 INFO  collect token for: 
2019-11-14 18:13:16.170 INFO  {"address":"0xeA4876beFA5d43D12B4392f4DAdDB3a4Bf174d7B","privkey":"AE4BF08477F54838B49538CB08F7E70D8344B01D54815760038A495FABD32C40"} 
2019-11-14 18:13:17.181 INFO  eth.prototype.queryTokenBalance balance is: 
2019-11-14 18:13:17.181 INFO  0 in wei 
2019-11-14 18:13:17.181 INFO  0 in ether 
2019-11-14 18:13:17.181 INFO  balance:0 
2019-11-14 18:13:17.181 INFO  token余额为0，无需归集 
2019-11-14 18:13:17.181 INFO  collect token for: 
2019-11-14 18:13:17.181 INFO  {"address":"0x6Cc191454B878b218Bef2b7DDD3a87ecc8797d28","privkey":"1BF58C6FA80BC6BA332916DB824349F6EDEFAA3E97B616FA1617B7BE688E7137"} 
2019-11-14 18:13:17.449 INFO  eth.prototype.queryTokenBalance balance is: 
2019-11-14 18:13:17.449 INFO  0 in wei 
2019-11-14 18:13:17.449 INFO  0 in ether 
2019-11-14 18:13:17.449 INFO  balance:0 
2019-11-14 18:13:17.449 INFO  token余额为0，无需归集 
2019-11-14 18:13:17.449 INFO  collect token for: 
2019-11-14 18:13:17.449 INFO  {"address":"0x8d1aADAF05f7B174Bd1E4763c49427c867714aAD","privkey":"9A1654F97210124B7521366253C555D3263AA698481CC770180EB93F1ED04EB6"} 
2019-11-14 18:13:17.701 INFO  eth.prototype.queryTokenBalance balance is: 
2019-11-14 18:13:17.701 INFO  0 in wei 
2019-11-14 18:13:17.701 INFO  0 in ether 
2019-11-14 18:13:17.701 INFO  balance:0 
2019-11-14 18:13:17.701 INFO  token余额为0，无需归集 
2019-11-14 18:13:17.701 INFO  collect token for: 
2019-11-14 18:13:17.701 INFO  {"address":"0xbfAfe3Ea7C82FDaA0FCBFCB6fD7fddA887D93e5f","privkey":"7B6911FE2FE22D1446BA1940B53469786CAFFBA72EF9402286ABEE4E9D6E9498"} 
2019-11-14 18:13:17.952 INFO  eth.prototype.queryTokenBalance balance is: 
2019-11-14 18:13:17.952 INFO  0 in wei 
2019-11-14 18:13:17.952 INFO  0 in ether 
2019-11-14 18:13:17.952 INFO  balance:0 
2019-11-14 18:13:17.952 INFO  token余额为0，无需归集 
2019-11-14 18:13:17.952 INFO  collect token for: 
2019-11-14 18:13:17.952 INFO  {"address":"0xE50924BD6389a831c14BCe1fa1564D7a08b99820","privkey":"D92004166A559FF3515685073D1574073F30BACF5222A0D88DD5C1A7D8B909D6"} 
2019-11-14 18:13:18.211 INFO  eth.prototype.queryTokenBalance balance is: 
2019-11-14 18:13:18.211 INFO  0 in wei 
2019-11-14 18:13:18.211 INFO  0 in ether 
2019-11-14 18:13:18.211 INFO  balance:0 
2019-11-14 18:13:18.211 INFO  token余额为0，无需归集 
2019-11-14 18:13:18.211 INFO  collect token for: 
2019-11-14 18:13:18.211 INFO  {"address":"0x0762864F9Cbb1A590b6d61f28cfC52C7b295F8dd","privkey":"E72F69243D2641E4DB52E4C54EF7ECE8C59825A71A3CB8B7A84B4583F6925530"} 
2019-11-14 18:13:18.468 INFO  eth.prototype.queryTokenBalance balance is: 
2019-11-14 18:13:18.468 INFO  0 in wei 
2019-11-14 18:13:18.468 INFO  0 in ether 
2019-11-14 18:13:18.468 INFO  balance:0 
2019-11-14 18:13:18.468 INFO  token余额为0，无需归集 
2019-11-14 18:13:18.468 INFO  collect token for: 
2019-11-14 18:13:18.468 INFO  {"address":"0x188A39764802e2768219802ADdA4585A1Ac09c62","privkey":"E7A48F4A22D6C41517E7B12D444EC3A3B67DF8B2C2EA7C806B2E1E55EE668F16"} 
2019-11-14 18:13:18.727 INFO  eth.prototype.queryTokenBalance balance is: 
2019-11-14 18:13:18.727 INFO  0 in wei 
2019-11-14 18:13:18.727 INFO  0 in ether 
2019-11-14 18:13:18.727 INFO  balance:0 
2019-11-14 18:13:18.727 INFO  token余额为0，无需归集 
2019-11-14 18:13:18.727 INFO  collect token for: 
2019-11-14 18:13:18.727 INFO  {"address":"0x119ef6aDca1C5ad1435A55f8087218f03eF2fd65","privkey":"7EC1F7D0C83CC57D28805EF5F5CAFA5EA0018EE39C54EF9469D5AA9DF5FCA228"} 
2019-11-14 18:13:18.990 INFO  eth.prototype.queryTokenBalance balance is: 
2019-11-14 18:13:18.990 INFO  1232000000000000000000 in wei 
2019-11-14 18:13:18.990 INFO  1232 in ether 
2019-11-14 18:13:18.990 INFO  balance:1232 
2019-11-14 18:13:19.957 INFO  eth.prototype.estimateTokenGas ok------- 
2019-11-14 18:13:20.227 INFO  eth.prototype.queryEthBalance balance is: 
2019-11-14 18:13:20.227 INFO  0.000042142 
2019-11-14 18:13:21.028 INFO  eth.prototype.estimateTokenGas ok------- 
2019-11-14 18:13:21.278 INFO  on transactionHash: 
2019-11-14 18:13:21.278 INFO  0xd0d11b82f50483bb0042ca9f1774156a0a3692e9f3cb6fd5bd08954ea3b85876 
2019-11-14 18:13:21.278 INFO  
 
2019-11-14 18:13:21.279 INFO  transferToken callback: 
2019-11-14 18:13:21.279 INFO  2 
2019-11-14 18:13:21.279 INFO  03fdfe0a-b7a4-4697-acfd-c3e7cb352a83 
2019-11-14 18:13:21.279 INFO  10001 
2019-11-14 18:13:21.279 INFO  成功提交交易 
2019-11-14 18:13:21.279 INFO   
2019-11-14 18:13:21.279 INFO  {"txid":"0xd0d11b82f50483bb0042ca9f1774156a0a3692e9f3cb6fd5bd08954ea3b85876"} 
2019-11-14 18:13:21.279 INFO  
 
2019-11-14 18:13:26.194 INFO  on confirmation:0 
2019-11-14 18:13:26.195 INFO  
 
2019-11-14 18:13:26.195 INFO  transferToken callback: 
2019-11-14 18:13:26.195 INFO  2 
2019-11-14 18:13:26.195 INFO  03fdfe0a-b7a4-4697-acfd-c3e7cb352a83 
2019-11-14 18:13:26.195 INFO  10003 
2019-11-14 18:13:26.195 INFO  交易确认 
2019-11-14 18:13:26.195 INFO   
2019-11-14 18:13:26.195 INFO  {"blockHash":"0xcb92614d6ce422bbb971bcf0bfde07a699bb5a24e3064e392974c9f83401a772","blockNumber":5439151,"contractAddress":null,"cumulativeGasUsed":331445,"from":"0x119ef6adca1c5ad1435a55f8087218f03ef2fd65","gasUsed":21168,"logs":[{"address":"0xB14ECE5420A480E59B249b72B42188028fB420dc","blockHash":"0xcb92614d6ce422bbb971bcf0bfde07a699bb5a24e3064e392974c9f83401a772","blockNumber":5439151,"data":"0x000000000000000000000000000000000000000000000042c96f409591400000","logIndex":3,"removed":false,"topics":["0xddf252ad1be2c89b69c2b068fc378daa952ba7f163c4a11628f55a4df523b3ef","0x000000000000000000000000119ef6adca1c5ad1435a55f8087218f03ef2fd65","0x00000000000000000000000036d1db197cae24948010463651dfb116a52c54f0"],"transactionHash":"0xd0d11b82f50483bb0042ca9f1774156a0a3692e9f3cb6fd5bd08954ea3b85876","transactionIndex":3,"id":"log_1d4a9d73"}],"logsBloom":"0x00000000000000000000000080000000000000000000400000000000000000000080000000000000000000200000000000000000010000000000000000000000000000000000000000000008008080000000000000000000000000000000000000000000000000000000000000000000000000000000000000000030000000000000000000000000000000000000000000000000000000000000020000000000000000000000000000000000000000000000000000000000000000000000000000000002000000000000000000000000000000000000000000000000000000000000000000000000000000000000000000000000000000000000000000000000","status":true,"to":"0xb14ece5420a480e59b249b72b42188028fb420dc","transactionHash":"0xd0d11b82f50483bb0042ca9f1774156a0a3692e9f3cb6fd5bd08954ea3b85876","transactionIndex":3} 
2019-11-14 18:13:26.195 INFO  
 
2019-11-14 18:13:26.196 INFO  on receipt: 
2019-11-14 18:13:26.196 INFO  {"blockHash":"0xcb92614d6ce422bbb971bcf0bfde07a699bb5a24e3064e392974c9f83401a772","blockNumber":5439151,"contractAddress":null,"cumulativeGasUsed":331445,"from":"0x119ef6adca1c5ad1435a55f8087218f03ef2fd65","gasUsed":21168,"logs":[{"address":"0xB14ECE5420A480E59B249b72B42188028fB420dc","blockHash":"0xcb92614d6ce422bbb971bcf0bfde07a699bb5a24e3064e392974c9f83401a772","blockNumber":5439151,"data":"0x000000000000000000000000000000000000000000000042c96f409591400000","logIndex":3,"removed":false,"topics":["0xddf252ad1be2c89b69c2b068fc378daa952ba7f163c4a11628f55a4df523b3ef","0x000000000000000000000000119ef6adca1c5ad1435a55f8087218f03ef2fd65","0x00000000000000000000000036d1db197cae24948010463651dfb116a52c54f0"],"transactionHash":"0xd0d11b82f50483bb0042ca9f1774156a0a3692e9f3cb6fd5bd08954ea3b85876","transactionIndex":3,"id":"log_1d4a9d73"}],"logsBloom":"0x00000000000000000000000080000000000000000000400000000000000000000080000000000000000000200000000000000000010000000000000000000000000000000000000000000008008080000000000000000000000000000000000000000000000000000000000000000000000000000000000000000030000000000000000000000000000000000000000000000000000000000000020000000000000000000000000000000000000000000000000000000000000000000000000000000002000000000000000000000000000000000000000000000000000000000000000000000000000000000000000000000000000000000000000000000000","status":true,"to":"0xb14ece5420a480e59b249b72b42188028fb420dc","transactionHash":"0xd0d11b82f50483bb0042ca9f1774156a0a3692e9f3cb6fd5bd08954ea3b85876","transactionIndex":3} 
2019-11-14 18:13:26.196 INFO  
 
2019-11-14 18:13:26.196 INFO  transferToken callback: 
2019-11-14 18:13:26.196 INFO  2 
2019-11-14 18:13:26.196 INFO  03fdfe0a-b7a4-4697-acfd-c3e7cb352a83 
2019-11-14 18:13:26.196 INFO  10002 
2019-11-14 18:13:26.196 INFO  交易被接受 
2019-11-14 18:13:26.196 INFO   
2019-11-14 18:13:26.196 INFO  {"blockHash":"0xcb92614d6ce422bbb971bcf0bfde07a699bb5a24e3064e392974c9f83401a772","blockNumber":5439151,"contractAddress":null,"cumulativeGasUsed":331445,"from":"0x119ef6adca1c5ad1435a55f8087218f03ef2fd65","gasUsed":21168,"logs":[{"address":"0xB14ECE5420A480E59B249b72B42188028fB420dc","blockHash":"0xcb92614d6ce422bbb971bcf0bfde07a699bb5a24e3064e392974c9f83401a772","blockNumber":5439151,"data":"0x000000000000000000000000000000000000000000000042c96f409591400000","logIndex":3,"removed":false,"topics":["0xddf252ad1be2c89b69c2b068fc378daa952ba7f163c4a11628f55a4df523b3ef","0x000000000000000000000000119ef6adca1c5ad1435a55f8087218f03ef2fd65","0x00000000000000000000000036d1db197cae24948010463651dfb116a52c54f0"],"transactionHash":"0xd0d11b82f50483bb0042ca9f1774156a0a3692e9f3cb6fd5bd08954ea3b85876","transactionIndex":3,"id":"log_1d4a9d73"}],"logsBloom":"0x00000000000000000000000080000000000000000000400000000000000000000080000000000000000000200000000000000000010000000000000000000000000000000000000000000008008080000000000000000000000000000000000000000000000000000000000000000000000000000000000000000030000000000000000000000000000000000000000000000000000000000000020000000000000000000000000000000000000000000000000000000000000000000000000000000002000000000000000000000000000000000000000000000000000000000000000000000000000000000000000000000000000000000000000000000000","status":true,"to":"0xb14ece5420a480e59b249b72b42188028fb420dc","transactionHash":"0xd0d11b82f50483bb0042ca9f1774156a0a3692e9f3cb6fd5bd08954ea3b85876","transactionIndex":3} 
2019-11-14 18:13:26.196 INFO  
 
2019-11-14 18:13:26.205 INFO  交易完成:03fdfe0a-b7a4-4697-acfd-c3e7cb352a83 
2019-11-14 18:13:43.198 INFO  on confirmation:1 
2019-11-14 18:13:43.198 INFO  
 
2019-11-14 18:13:43.198 INFO  transferToken callback: 
2019-11-14 18:13:43.198 INFO  2 
2019-11-14 18:13:43.198 INFO  03fdfe0a-b7a4-4697-acfd-c3e7cb352a83 
2019-11-14 18:13:43.198 INFO  10003 
2019-11-14 18:13:43.198 INFO  交易确认 
2019-11-14 18:13:43.198 INFO  1 
2019-11-14 18:13:43.198 INFO  {"blockHash":"0xcb92614d6ce422bbb971bcf0bfde07a699bb5a24e3064e392974c9f83401a772","blockNumber":5439151,"contractAddress":null,"cumulativeGasUsed":331445,"from":"0x119ef6adca1c5ad1435a55f8087218f03ef2fd65","gasUsed":21168,"logs":[{"address":"0xB14ECE5420A480E59B249b72B42188028fB420dc","blockHash":"0xcb92614d6ce422bbb971bcf0bfde07a699bb5a24e3064e392974c9f83401a772","blockNumber":5439151,"data":"0x000000000000000000000000000000000000000000000042c96f409591400000","logIndex":3,"removed":false,"topics":["0xddf252ad1be2c89b69c2b068fc378daa952ba7f163c4a11628f55a4df523b3ef","0x000000000000000000000000119ef6adca1c5ad1435a55f8087218f03ef2fd65","0x00000000000000000000000036d1db197cae24948010463651dfb116a52c54f0"],"transactionHash":"0xd0d11b82f50483bb0042ca9f1774156a0a3692e9f3cb6fd5bd08954ea3b85876","transactionIndex":3,"id":"log_1d4a9d73"}],"logsBloom":"0x00000000000000000000000080000000000000000000400000000000000000000080000000000000000000200000000000000000010000000000000000000000000000000000000000000008008080000000000000000000000000000000000000000000000000000000000000000000000000000000000000000030000000000000000000000000000000000000000000000000000000000000020000000000000000000000000000000000000000000000000000000000000000000000000000000002000000000000000000000000000000000000000000000000000000000000000000000000000000000000000000000000000000000000000000000000","status":true,"to":"0xb14ece5420a480e59b249b72b42188028fb420dc","transactionHash":"0xd0d11b82f50483bb0042ca9f1774156a0a3692e9f3cb6fd5bd08954ea3b85876","transactionIndex":3} 
2019-11-14 18:13:43.198 INFO  
 
2019-11-14 18:13:43.207 INFO  交易完成:03fdfe0a-b7a4-4697-acfd-c3e7cb352a83 
2019-11-14 18:13:56.237 INFO  on confirmation:2 
2019-11-14 18:13:56.237 INFO  
 
2019-11-14 18:13:56.237 INFO  transferToken callback: 
2019-11-14 18:13:56.237 INFO  2 
2019-11-14 18:13:56.238 INFO  03fdfe0a-b7a4-4697-acfd-c3e7cb352a83 
2019-11-14 18:13:56.238 INFO  10003 
2019-11-14 18:13:56.238 INFO  交易确认 
2019-11-14 18:13:56.238 INFO  2 
2019-11-14 18:13:56.238 INFO  {"blockHash":"0xcb92614d6ce422bbb971bcf0bfde07a699bb5a24e3064e392974c9f83401a772","blockNumber":5439151,"contractAddress":null,"cumulativeGasUsed":331445,"from":"0x119ef6adca1c5ad1435a55f8087218f03ef2fd65","gasUsed":21168,"logs":[{"address":"0xB14ECE5420A480E59B249b72B42188028fB420dc","blockHash":"0xcb92614d6ce422bbb971bcf0bfde07a699bb5a24e3064e392974c9f83401a772","blockNumber":5439151,"data":"0x000000000000000000000000000000000000000000000042c96f409591400000","logIndex":3,"removed":false,"topics":["0xddf252ad1be2c89b69c2b068fc378daa952ba7f163c4a11628f55a4df523b3ef","0x000000000000000000000000119ef6adca1c5ad1435a55f8087218f03ef2fd65","0x00000000000000000000000036d1db197cae24948010463651dfb116a52c54f0"],"transactionHash":"0xd0d11b82f50483bb0042ca9f1774156a0a3692e9f3cb6fd5bd08954ea3b85876","transactionIndex":3,"id":"log_1d4a9d73"}],"logsBloom":"0x00000000000000000000000080000000000000000000400000000000000000000080000000000000000000200000000000000000010000000000000000000000000000000000000000000008008080000000000000000000000000000000000000000000000000000000000000000000000000000000000000000030000000000000000000000000000000000000000000000000000000000000020000000000000000000000000000000000000000000000000000000000000000000000000000000002000000000000000000000000000000000000000000000000000000000000000000000000000000000000000000000000000000000000000000000000","status":true,"to":"0xb14ece5420a480e59b249b72b42188028fb420dc","transactionHash":"0xd0d11b82f50483bb0042ca9f1774156a0a3692e9f3cb6fd5bd08954ea3b85876","transactionIndex":3} 
2019-11-14 18:13:56.238 INFO  
 
2019-11-14 18:13:56.249 INFO  交易完成:03fdfe0a-b7a4-4697-acfd-c3e7cb352a83 
2019-11-14 18:14:13.213 INFO  on confirmation:3 
2019-11-14 18:14:13.213 INFO  
 
2019-11-14 18:14:13.213 INFO  transferToken callback: 
2019-11-14 18:14:13.213 INFO  2 
2019-11-14 18:14:13.213 INFO  03fdfe0a-b7a4-4697-acfd-c3e7cb352a83 
2019-11-14 18:14:13.213 INFO  10003 
2019-11-14 18:14:13.213 INFO  交易确认 
2019-11-14 18:14:13.213 INFO  3 
2019-11-14 18:14:13.213 INFO  {"blockHash":"0xcb92614d6ce422bbb971bcf0bfde07a699bb5a24e3064e392974c9f83401a772","blockNumber":5439151,"contractAddress":null,"cumulativeGasUsed":331445,"from":"0x119ef6adca1c5ad1435a55f8087218f03ef2fd65","gasUsed":21168,"logs":[{"address":"0xB14ECE5420A480E59B249b72B42188028fB420dc","blockHash":"0xcb92614d6ce422bbb971bcf0bfde07a699bb5a24e3064e392974c9f83401a772","blockNumber":5439151,"data":"0x000000000000000000000000000000000000000000000042c96f409591400000","logIndex":3,"removed":false,"topics":["0xddf252ad1be2c89b69c2b068fc378daa952ba7f163c4a11628f55a4df523b3ef","0x000000000000000000000000119ef6adca1c5ad1435a55f8087218f03ef2fd65","0x00000000000000000000000036d1db197cae24948010463651dfb116a52c54f0"],"transactionHash":"0xd0d11b82f50483bb0042ca9f1774156a0a3692e9f3cb6fd5bd08954ea3b85876","transactionIndex":3,"id":"log_1d4a9d73"}],"logsBloom":"0x00000000000000000000000080000000000000000000400000000000000000000080000000000000000000200000000000000000010000000000000000000000000000000000000000000008008080000000000000000000000000000000000000000000000000000000000000000000000000000000000000000030000000000000000000000000000000000000000000000000000000000000020000000000000000000000000000000000000000000000000000000000000000000000000000000002000000000000000000000000000000000000000000000000000000000000000000000000000000000000000000000000000000000000000000000000","status":true,"to":"0xb14ece5420a480e59b249b72b42188028fb420dc","transactionHash":"0xd0d11b82f50483bb0042ca9f1774156a0a3692e9f3cb6fd5bd08954ea3b85876","transactionIndex":3} 
2019-11-14 18:14:13.213 INFO  
 
2019-11-14 18:14:13.223 INFO  交易完成:03fdfe0a-b7a4-4697-acfd-c3e7cb352a83 
2019-11-14 18:16:34.697 INFO  [{"address":"0xeA4876beFA5d43D12B4392f4DAdDB3a4Bf174d7B","privkey":"AE4BF08477F54838B49538CB08F7E70D8344B01D54815760038A495FABD32C40"},{"address":"0x6Cc191454B878b218Bef2b7DDD3a87ecc8797d28","privkey":"1BF58C6FA80BC6BA332916DB824349F6EDEFAA3E97B616FA1617B7BE688E7137"},{"address":"0x8d1aADAF05f7B174Bd1E4763c49427c867714aAD","privkey":"9A1654F97210124B7521366253C555D3263AA698481CC770180EB93F1ED04EB6"},{"address":"0xbfAfe3Ea7C82FDaA0FCBFCB6fD7fddA887D93e5f","privkey":"7B6911FE2FE22D1446BA1940B53469786CAFFBA72EF9402286ABEE4E9D6E9498"},{"address":"0xE50924BD6389a831c14BCe1fa1564D7a08b99820","privkey":"D92004166A559FF3515685073D1574073F30BACF5222A0D88DD5C1A7D8B909D6"},{"address":"0x0762864F9Cbb1A590b6d61f28cfC52C7b295F8dd","privkey":"E72F69243D2641E4DB52E4C54EF7ECE8C59825A71A3CB8B7A84B4583F6925530"},{"address":"0x188A39764802e2768219802ADdA4585A1Ac09c62","privkey":"E7A48F4A22D6C41517E7B12D444EC3A3B67DF8B2C2EA7C806B2E1E55EE668F16"},{"address":"0x119ef6aDca1C5ad1435A55f8087218f03eF2fd65","privkey":"7EC1F7D0C83CC57D28805EF5F5CAFA5EA0018EE39C54EF9469D5AA9DF5FCA228"}] 
2019-11-14 18:16:34.697 INFO  collect token for: 
2019-11-14 18:16:34.697 INFO  {"address":"0xeA4876beFA5d43D12B4392f4DAdDB3a4Bf174d7B","privkey":"AE4BF08477F54838B49538CB08F7E70D8344B01D54815760038A495FABD32C40"} 
2019-11-14 18:16:36.719 INFO  eth.prototype.queryTokenBalance balance is: 
2019-11-14 18:16:36.719 INFO  0 in wei 
2019-11-14 18:16:36.719 INFO  0 in ether 
2019-11-14 18:16:36.719 INFO  balance:0 
2019-11-14 18:16:36.719 INFO  token余额为0，无需归集 
2019-11-14 18:16:36.719 INFO  collect token for: 
2019-11-14 18:16:36.719 INFO  {"address":"0x6Cc191454B878b218Bef2b7DDD3a87ecc8797d28","privkey":"1BF58C6FA80BC6BA332916DB824349F6EDEFAA3E97B616FA1617B7BE688E7137"} 
2019-11-14 18:16:36.978 INFO  eth.prototype.queryTokenBalance balance is: 
2019-11-14 18:16:36.978 INFO  0 in wei 
2019-11-14 18:16:36.978 INFO  0 in ether 
2019-11-14 18:16:36.978 INFO  balance:0 
2019-11-14 18:16:36.978 INFO  token余额为0，无需归集 
2019-11-14 18:16:36.978 INFO  collect token for: 
2019-11-14 18:16:36.978 INFO  {"address":"0x8d1aADAF05f7B174Bd1E4763c49427c867714aAD","privkey":"9A1654F97210124B7521366253C555D3263AA698481CC770180EB93F1ED04EB6"} 
2019-11-14 18:16:37.231 INFO  eth.prototype.queryTokenBalance balance is: 
2019-11-14 18:16:37.231 INFO  0 in wei 
2019-11-14 18:16:37.231 INFO  0 in ether 
2019-11-14 18:16:37.231 INFO  balance:0 
2019-11-14 18:16:37.231 INFO  token余额为0，无需归集 
2019-11-14 18:16:37.231 INFO  collect token for: 
2019-11-14 18:16:37.231 INFO  {"address":"0xbfAfe3Ea7C82FDaA0FCBFCB6fD7fddA887D93e5f","privkey":"7B6911FE2FE22D1446BA1940B53469786CAFFBA72EF9402286ABEE4E9D6E9498"} 
2019-11-14 18:16:37.484 INFO  eth.prototype.queryTokenBalance balance is: 
2019-11-14 18:16:37.484 INFO  0 in wei 
2019-11-14 18:16:37.484 INFO  0 in ether 
2019-11-14 18:16:37.484 INFO  balance:0 
2019-11-14 18:16:37.484 INFO  token余额为0，无需归集 
2019-11-14 18:16:37.484 INFO  collect token for: 
2019-11-14 18:16:37.484 INFO  {"address":"0xE50924BD6389a831c14BCe1fa1564D7a08b99820","privkey":"D92004166A559FF3515685073D1574073F30BACF5222A0D88DD5C1A7D8B909D6"} 
2019-11-14 18:16:37.744 INFO  eth.prototype.queryTokenBalance balance is: 
2019-11-14 18:16:37.744 INFO  0 in wei 
2019-11-14 18:16:37.744 INFO  0 in ether 
2019-11-14 18:16:37.744 INFO  balance:0 
2019-11-14 18:16:37.744 INFO  token余额为0，无需归集 
2019-11-14 18:16:37.744 INFO  collect token for: 
2019-11-14 18:16:37.744 INFO  {"address":"0x0762864F9Cbb1A590b6d61f28cfC52C7b295F8dd","privkey":"E72F69243D2641E4DB52E4C54EF7ECE8C59825A71A3CB8B7A84B4583F6925530"} 
2019-11-14 18:16:38.073 INFO  eth.prototype.queryTokenBalance balance is: 
2019-11-14 18:16:38.073 INFO  0 in wei 
2019-11-14 18:16:38.073 INFO  0 in ether 
2019-11-14 18:16:38.073 INFO  balance:0 
2019-11-14 18:16:38.073 INFO  token余额为0，无需归集 
2019-11-14 18:16:38.073 INFO  collect token for: 
2019-11-14 18:16:38.073 INFO  {"address":"0x188A39764802e2768219802ADdA4585A1Ac09c62","privkey":"E7A48F4A22D6C41517E7B12D444EC3A3B67DF8B2C2EA7C806B2E1E55EE668F16"} 
2019-11-14 18:16:38.344 INFO  eth.prototype.queryTokenBalance balance is: 
2019-11-14 18:16:38.344 INFO  0 in wei 
2019-11-14 18:16:38.344 INFO  0 in ether 
2019-11-14 18:16:38.344 INFO  balance:0 
2019-11-14 18:16:38.344 INFO  token余额为0，无需归集 
2019-11-14 18:16:38.344 INFO  collect token for: 
2019-11-14 18:16:38.344 INFO  {"address":"0x119ef6aDca1C5ad1435A55f8087218f03eF2fd65","privkey":"7EC1F7D0C83CC57D28805EF5F5CAFA5EA0018EE39C54EF9469D5AA9DF5FCA228"} 
2019-11-14 18:16:38.602 INFO  eth.prototype.queryTokenBalance balance is: 
2019-11-14 18:16:38.602 INFO  0 in wei 
2019-11-14 18:16:38.602 INFO  0 in ether 
2019-11-14 18:16:38.602 INFO  balance:0 
2019-11-14 18:16:38.602 INFO  token余额为0，无需归集 
2019-11-14 18:17:54.685 INFO  [{"address":"0xeA4876beFA5d43D12B4392f4DAdDB3a4Bf174d7B","privkey":"AE4BF08477F54838B49538CB08F7E70D8344B01D54815760038A495FABD32C40"},{"address":"0x6Cc191454B878b218Bef2b7DDD3a87ecc8797d28","privkey":"1BF58C6FA80BC6BA332916DB824349F6EDEFAA3E97B616FA1617B7BE688E7137"},{"address":"0x8d1aADAF05f7B174Bd1E4763c49427c867714aAD","privkey":"9A1654F97210124B7521366253C555D3263AA698481CC770180EB93F1ED04EB6"},{"address":"0xbfAfe3Ea7C82FDaA0FCBFCB6fD7fddA887D93e5f","privkey":"7B6911FE2FE22D1446BA1940B53469786CAFFBA72EF9402286ABEE4E9D6E9498"},{"address":"0xE50924BD6389a831c14BCe1fa1564D7a08b99820","privkey":"D92004166A559FF3515685073D1574073F30BACF5222A0D88DD5C1A7D8B909D6"},{"address":"0x0762864F9Cbb1A590b6d61f28cfC52C7b295F8dd","privkey":"E72F69243D2641E4DB52E4C54EF7ECE8C59825A71A3CB8B7A84B4583F6925530"},{"address":"0x188A39764802e2768219802ADdA4585A1Ac09c62","privkey":"E7A48F4A22D6C41517E7B12D444EC3A3B67DF8B2C2EA7C806B2E1E55EE668F16"},{"address":"0x119ef6aDca1C5ad1435A55f8087218f03eF2fd65","privkey":"7EC1F7D0C83CC57D28805EF5F5CAFA5EA0018EE39C54EF9469D5AA9DF5FCA228"}] 
2019-11-14 18:17:54.685 INFO  collect token for: 
2019-11-14 18:17:54.685 INFO  {"address":"0xeA4876beFA5d43D12B4392f4DAdDB3a4Bf174d7B","privkey":"AE4BF08477F54838B49538CB08F7E70D8344B01D54815760038A495FABD32C40"} 
2019-11-14 18:17:58.766 INFO  eth.prototype.queryTokenBalance balance is: 
2019-11-14 18:17:58.766 INFO  0 in wei 
2019-11-14 18:17:58.766 INFO  0 in ether 
2019-11-14 18:17:58.766 INFO  balance:0 
2019-11-14 18:17:58.766 INFO  token余额为0，无需归集 
2019-11-14 18:17:58.766 INFO  collect token for: 
2019-11-14 18:17:58.766 INFO  {"address":"0x6Cc191454B878b218Bef2b7DDD3a87ecc8797d28","privkey":"1BF58C6FA80BC6BA332916DB824349F6EDEFAA3E97B616FA1617B7BE688E7137"} 
2019-11-14 18:17:59.010 INFO  eth.prototype.queryTokenBalance balance is: 
2019-11-14 18:17:59.010 INFO  0 in wei 
2019-11-14 18:17:59.010 INFO  0 in ether 
2019-11-14 18:17:59.010 INFO  balance:0 
2019-11-14 18:17:59.010 INFO  token余额为0，无需归集 
2019-11-14 18:17:59.010 INFO  collect token for: 
2019-11-14 18:17:59.010 INFO  {"address":"0x8d1aADAF05f7B174Bd1E4763c49427c867714aAD","privkey":"9A1654F97210124B7521366253C555D3263AA698481CC770180EB93F1ED04EB6"} 
2019-11-14 18:17:59.265 INFO  eth.prototype.queryTokenBalance balance is: 
2019-11-14 18:17:59.265 INFO  0 in wei 
2019-11-14 18:17:59.265 INFO  0 in ether 
2019-11-14 18:17:59.265 INFO  balance:0 
2019-11-14 18:17:59.265 INFO  token余额为0，无需归集 
2019-11-14 18:17:59.265 INFO  collect token for: 
2019-11-14 18:17:59.265 INFO  {"address":"0xbfAfe3Ea7C82FDaA0FCBFCB6fD7fddA887D93e5f","privkey":"7B6911FE2FE22D1446BA1940B53469786CAFFBA72EF9402286ABEE4E9D6E9498"} 
2019-11-14 18:17:59.533 INFO  eth.prototype.queryTokenBalance balance is: 
2019-11-14 18:17:59.533 INFO  0 in wei 
2019-11-14 18:17:59.533 INFO  0 in ether 
2019-11-14 18:17:59.533 INFO  balance:0 
2019-11-14 18:17:59.533 INFO  token余额为0，无需归集 
2019-11-14 18:17:59.533 INFO  collect token for: 
2019-11-14 18:17:59.533 INFO  {"address":"0xE50924BD6389a831c14BCe1fa1564D7a08b99820","privkey":"D92004166A559FF3515685073D1574073F30BACF5222A0D88DD5C1A7D8B909D6"} 
2019-11-14 18:17:59.781 INFO  eth.prototype.queryTokenBalance balance is: 
2019-11-14 18:17:59.781 INFO  0 in wei 
2019-11-14 18:17:59.781 INFO  0 in ether 
2019-11-14 18:17:59.781 INFO  balance:0 
2019-11-14 18:17:59.781 INFO  token余额为0，无需归集 
2019-11-14 18:17:59.781 INFO  collect token for: 
2019-11-14 18:17:59.781 INFO  {"address":"0x0762864F9Cbb1A590b6d61f28cfC52C7b295F8dd","privkey":"E72F69243D2641E4DB52E4C54EF7ECE8C59825A71A3CB8B7A84B4583F6925530"} 
2019-11-14 18:18:00.087 INFO  eth.prototype.queryTokenBalance balance is: 
2019-11-14 18:18:00.087 INFO  0 in wei 
2019-11-14 18:18:00.087 INFO  0 in ether 
2019-11-14 18:18:00.087 INFO  balance:0 
2019-11-14 18:18:00.087 INFO  token余额为0，无需归集 
2019-11-14 18:18:00.087 INFO  collect token for: 
2019-11-14 18:18:00.087 INFO  {"address":"0x188A39764802e2768219802ADdA4585A1Ac09c62","privkey":"E7A48F4A22D6C41517E7B12D444EC3A3B67DF8B2C2EA7C806B2E1E55EE668F16"} 
2019-11-14 18:18:00.352 INFO  eth.prototype.queryTokenBalance balance is: 
2019-11-14 18:18:00.352 INFO  0 in wei 
2019-11-14 18:18:00.352 INFO  0 in ether 
2019-11-14 18:18:00.352 INFO  balance:0 
2019-11-14 18:18:00.352 INFO  token余额为0，无需归集 
2019-11-14 18:18:00.352 INFO  collect token for: 
2019-11-14 18:18:00.352 INFO  {"address":"0x119ef6aDca1C5ad1435A55f8087218f03eF2fd65","privkey":"7EC1F7D0C83CC57D28805EF5F5CAFA5EA0018EE39C54EF9469D5AA9DF5FCA228"} 
2019-11-14 18:18:00.618 INFO  eth.prototype.queryTokenBalance balance is: 
2019-11-14 18:18:00.618 INFO  99887000000000000000000 in wei 
2019-11-14 18:18:00.618 INFO  99887 in ether 
2019-11-14 18:18:00.618 INFO  balance:99887 
2019-11-14 18:18:01.631 INFO  eth.prototype.estimateTokenGas ok------- 
2019-11-14 18:18:01.889 INFO  eth.prototype.queryEthBalance balance is: 
2019-11-14 18:18:01.889 INFO  0.000020974 
2019-11-14 18:18:01.889 INFO  发送账号的以太坊余额不足以作为归集的燃油，需要赠送燃油 
2019-11-14 18:18:03.695 INFO  eth.prototype.estimateTokenGas ok------- 
2019-11-14 18:18:03.961 INFO  on transactionHash: 
2019-11-14 18:18:03.962 INFO  0x5e2021686292a0da2a069570707b41456b1262d42b194504f0afdb6cfae4e967 
2019-11-14 18:18:03.962 INFO  
 
2019-11-14 18:18:03.962 INFO  sendEther callback: 
2019-11-14 18:18:03.962 INFO  1 
2019-11-14 18:18:03.962 INFO  0235d06f-9cef-4b39-a154-8cf6428e587a 
2019-11-14 18:18:03.962 INFO  10001 
2019-11-14 18:18:03.962 INFO  成功提交交易 
2019-11-14 18:18:03.962 INFO   
2019-11-14 18:18:03.962 INFO  {"txid":"0x5e2021686292a0da2a069570707b41456b1262d42b194504f0afdb6cfae4e967"} 
2019-11-14 18:18:03.962 INFO  
 
2019-11-14 18:18:12.011 INFO  on confirmation:0 
2019-11-14 18:18:12.011 INFO  
 
2019-11-14 18:18:12.011 INFO  sendEther callback: 
2019-11-14 18:18:12.011 INFO  1 
2019-11-14 18:18:12.011 INFO  0235d06f-9cef-4b39-a154-8cf6428e587a 
2019-11-14 18:18:12.011 INFO  10003 
2019-11-14 18:18:12.011 INFO  交易确认 
2019-11-14 18:18:12.011 INFO   
2019-11-14 18:18:12.011 INFO  {"blockHash":"0x20bf4cf7c2f9b3075e4098b37885bc1622ebfcebee9eda38fb0dfde78c545c0e","blockNumber":5439170,"contractAddress":null,"cumulativeGasUsed":397626,"from":"0x36d1db197cae24948010463651dfb116a52c54f0","gasUsed":21000,"logs":[],"logsBloom":"0x00000000000000000000000000000000000000000000000000000000000000000000000000000000000000000000000000000000000000000000000000000000000000000000000000000000000000000000000000000000000000000000000000000000000000000000000000000000000000000000000000000000000000000000000000000000000000000000000000000000000000000000000000000000000000000000000000000000000000000000000000000000000000000000000000000000000000000000000000000000000000000000000000000000000000000000000000000000000000000000000000000000000000000000000000000000","status":true,"to":"0x119ef6adca1c5ad1435a55f8087218f03ef2fd65","transactionHash":"0x5e2021686292a0da2a069570707b41456b1262d42b194504f0afdb6cfae4e967","transactionIndex":1} 
2019-11-14 18:18:12.011 INFO  
 
2019-11-14 18:18:12.012 INFO  on receipt: 
2019-11-14 18:18:12.012 INFO  {"blockHash":"0x20bf4cf7c2f9b3075e4098b37885bc1622ebfcebee9eda38fb0dfde78c545c0e","blockNumber":5439170,"contractAddress":null,"cumulativeGasUsed":397626,"from":"0x36d1db197cae24948010463651dfb116a52c54f0","gasUsed":21000,"logs":[],"logsBloom":"0x00000000000000000000000000000000000000000000000000000000000000000000000000000000000000000000000000000000000000000000000000000000000000000000000000000000000000000000000000000000000000000000000000000000000000000000000000000000000000000000000000000000000000000000000000000000000000000000000000000000000000000000000000000000000000000000000000000000000000000000000000000000000000000000000000000000000000000000000000000000000000000000000000000000000000000000000000000000000000000000000000000000000000000000000000000000","status":true,"to":"0x119ef6adca1c5ad1435a55f8087218f03ef2fd65","transactionHash":"0x5e2021686292a0da2a069570707b41456b1262d42b194504f0afdb6cfae4e967","transactionIndex":1} 
2019-11-14 18:18:12.012 INFO  
 
2019-11-14 18:18:12.012 INFO  sendEther callback: 
2019-11-14 18:18:12.012 INFO  1 
2019-11-14 18:18:12.012 INFO  0235d06f-9cef-4b39-a154-8cf6428e587a 
2019-11-14 18:18:12.012 INFO  10002 
2019-11-14 18:18:12.012 INFO  交易被接受 
2019-11-14 18:18:12.012 INFO   
2019-11-14 18:18:12.012 INFO  {"blockHash":"0x20bf4cf7c2f9b3075e4098b37885bc1622ebfcebee9eda38fb0dfde78c545c0e","blockNumber":5439170,"contractAddress":null,"cumulativeGasUsed":397626,"from":"0x36d1db197cae24948010463651dfb116a52c54f0","gasUsed":21000,"logs":[],"logsBloom":"0x00000000000000000000000000000000000000000000000000000000000000000000000000000000000000000000000000000000000000000000000000000000000000000000000000000000000000000000000000000000000000000000000000000000000000000000000000000000000000000000000000000000000000000000000000000000000000000000000000000000000000000000000000000000000000000000000000000000000000000000000000000000000000000000000000000000000000000000000000000000000000000000000000000000000000000000000000000000000000000000000000000000000000000000000000000000","status":true,"to":"0x119ef6adca1c5ad1435a55f8087218f03ef2fd65","transactionHash":"0x5e2021686292a0da2a069570707b41456b1262d42b194504f0afdb6cfae4e967","transactionIndex":1} 
2019-11-14 18:18:12.012 INFO  
 
2019-11-14 18:18:43.672 INFO  [{"address":"0xeA4876beFA5d43D12B4392f4DAdDB3a4Bf174d7B","privkey":"AE4BF08477F54838B49538CB08F7E70D8344B01D54815760038A495FABD32C40"},{"address":"0x6Cc191454B878b218Bef2b7DDD3a87ecc8797d28","privkey":"1BF58C6FA80BC6BA332916DB824349F6EDEFAA3E97B616FA1617B7BE688E7137"},{"address":"0x8d1aADAF05f7B174Bd1E4763c49427c867714aAD","privkey":"9A1654F97210124B7521366253C555D3263AA698481CC770180EB93F1ED04EB6"},{"address":"0xbfAfe3Ea7C82FDaA0FCBFCB6fD7fddA887D93e5f","privkey":"7B6911FE2FE22D1446BA1940B53469786CAFFBA72EF9402286ABEE4E9D6E9498"},{"address":"0xE50924BD6389a831c14BCe1fa1564D7a08b99820","privkey":"D92004166A559FF3515685073D1574073F30BACF5222A0D88DD5C1A7D8B909D6"},{"address":"0x0762864F9Cbb1A590b6d61f28cfC52C7b295F8dd","privkey":"E72F69243D2641E4DB52E4C54EF7ECE8C59825A71A3CB8B7A84B4583F6925530"},{"address":"0x188A39764802e2768219802ADdA4585A1Ac09c62","privkey":"E7A48F4A22D6C41517E7B12D444EC3A3B67DF8B2C2EA7C806B2E1E55EE668F16"},{"address":"0x119ef6aDca1C5ad1435A55f8087218f03eF2fd65","privkey":"7EC1F7D0C83CC57D28805EF5F5CAFA5EA0018EE39C54EF9469D5AA9DF5FCA228"}] 
2019-11-14 18:18:43.672 INFO  collect token for: 
2019-11-14 18:18:43.672 INFO  {"address":"0xeA4876beFA5d43D12B4392f4DAdDB3a4Bf174d7B","privkey":"AE4BF08477F54838B49538CB08F7E70D8344B01D54815760038A495FABD32C40"} 
2019-11-14 18:18:46.184 INFO  eth.prototype.queryTokenBalance balance is: 
2019-11-14 18:18:46.184 INFO  0 in wei 
2019-11-14 18:18:46.184 INFO  0 in ether 
2019-11-14 18:18:46.184 INFO  balance:0 
2019-11-14 18:18:46.184 INFO  token余额为0，无需归集 
2019-11-14 18:18:46.184 INFO  collect token for: 
2019-11-14 18:18:46.184 INFO  {"address":"0x6Cc191454B878b218Bef2b7DDD3a87ecc8797d28","privkey":"1BF58C6FA80BC6BA332916DB824349F6EDEFAA3E97B616FA1617B7BE688E7137"} 
2019-11-14 18:18:46.444 INFO  eth.prototype.queryTokenBalance balance is: 
2019-11-14 18:18:46.444 INFO  0 in wei 
2019-11-14 18:18:46.444 INFO  0 in ether 
2019-11-14 18:18:46.444 INFO  balance:0 
2019-11-14 18:18:46.444 INFO  token余额为0，无需归集 
2019-11-14 18:18:46.444 INFO  collect token for: 
2019-11-14 18:18:46.444 INFO  {"address":"0x8d1aADAF05f7B174Bd1E4763c49427c867714aAD","privkey":"9A1654F97210124B7521366253C555D3263AA698481CC770180EB93F1ED04EB6"} 
2019-11-14 18:18:46.700 INFO  eth.prototype.queryTokenBalance balance is: 
2019-11-14 18:18:46.700 INFO  0 in wei 
2019-11-14 18:18:46.700 INFO  0 in ether 
2019-11-14 18:18:46.700 INFO  balance:0 
2019-11-14 18:18:46.700 INFO  token余额为0，无需归集 
2019-11-14 18:18:46.700 INFO  collect token for: 
2019-11-14 18:18:46.700 INFO  {"address":"0xbfAfe3Ea7C82FDaA0FCBFCB6fD7fddA887D93e5f","privkey":"7B6911FE2FE22D1446BA1940B53469786CAFFBA72EF9402286ABEE4E9D6E9498"} 
2019-11-14 18:18:46.962 INFO  eth.prototype.queryTokenBalance balance is: 
2019-11-14 18:18:46.962 INFO  0 in wei 
2019-11-14 18:18:46.962 INFO  0 in ether 
2019-11-14 18:18:46.962 INFO  balance:0 
2019-11-14 18:18:46.962 INFO  token余额为0，无需归集 
2019-11-14 18:18:46.962 INFO  collect token for: 
2019-11-14 18:18:46.962 INFO  {"address":"0xE50924BD6389a831c14BCe1fa1564D7a08b99820","privkey":"D92004166A559FF3515685073D1574073F30BACF5222A0D88DD5C1A7D8B909D6"} 
2019-11-14 18:18:47.741 INFO  eth.prototype.queryTokenBalance balance is: 
2019-11-14 18:18:47.741 INFO  0 in wei 
2019-11-14 18:18:47.741 INFO  0 in ether 
2019-11-14 18:18:47.741 INFO  balance:0 
2019-11-14 18:18:47.741 INFO  token余额为0，无需归集 
2019-11-14 18:18:47.741 INFO  collect token for: 
2019-11-14 18:18:47.741 INFO  {"address":"0x0762864F9Cbb1A590b6d61f28cfC52C7b295F8dd","privkey":"E72F69243D2641E4DB52E4C54EF7ECE8C59825A71A3CB8B7A84B4583F6925530"} 
2019-11-14 18:18:49.529 INFO  eth.prototype.queryTokenBalance balance is: 
2019-11-14 18:18:49.529 INFO  0 in wei 
2019-11-14 18:18:49.529 INFO  0 in ether 
2019-11-14 18:18:49.529 INFO  balance:0 
2019-11-14 18:18:49.529 INFO  token余额为0，无需归集 
2019-11-14 18:18:49.529 INFO  collect token for: 
2019-11-14 18:18:49.529 INFO  {"address":"0x188A39764802e2768219802ADdA4585A1Ac09c62","privkey":"E7A48F4A22D6C41517E7B12D444EC3A3B67DF8B2C2EA7C806B2E1E55EE668F16"} 
2019-11-14 18:18:49.801 INFO  eth.prototype.queryTokenBalance balance is: 
2019-11-14 18:18:49.801 INFO  0 in wei 
2019-11-14 18:18:49.802 INFO  0 in ether 
2019-11-14 18:18:49.802 INFO  balance:0 
2019-11-14 18:18:49.802 INFO  token余额为0，无需归集 
2019-11-14 18:18:49.802 INFO  collect token for: 
2019-11-14 18:18:49.802 INFO  {"address":"0x119ef6aDca1C5ad1435A55f8087218f03eF2fd65","privkey":"7EC1F7D0C83CC57D28805EF5F5CAFA5EA0018EE39C54EF9469D5AA9DF5FCA228"} 
2019-11-14 18:18:50.063 INFO  eth.prototype.queryTokenBalance balance is: 
2019-11-14 18:18:50.064 INFO  99887000000000000000000 in wei 
2019-11-14 18:18:50.064 INFO  99887 in ether 
2019-11-14 18:18:50.064 INFO  balance:99887 
2019-11-14 18:18:51.018 INFO  eth.prototype.estimateTokenGas ok------- 
2019-11-14 18:18:51.265 INFO  eth.prototype.queryEthBalance balance is: 
2019-11-14 18:18:51.265 INFO  0.000057154 
2019-11-14 18:18:52.562 INFO  eth.prototype.estimateTokenGas ok------- 
2019-11-14 18:18:52.821 INFO  on transactionHash: 
2019-11-14 18:18:52.821 INFO  0x8075486f87cc471385dca975b4974b7caa24ab9c4404e1cf52cea5b4b11d78d1 
2019-11-14 18:18:52.822 INFO  
 
2019-11-14 18:18:52.822 INFO  transferToken callback: 
2019-11-14 18:18:52.822 INFO  2 
2019-11-14 18:18:52.822 INFO  933f3ae2-047d-4375-a52a-f62d8b639c37 
2019-11-14 18:18:52.822 INFO  10001 
2019-11-14 18:18:52.822 INFO  成功提交交易 
2019-11-14 18:18:52.822 INFO   
2019-11-14 18:18:52.822 INFO  {"txid":"0x8075486f87cc471385dca975b4974b7caa24ab9c4404e1cf52cea5b4b11d78d1"} 
2019-11-14 18:18:52.822 INFO  
 
2019-11-14 18:19:12.107 INFO  on confirmation:0 
2019-11-14 18:19:12.107 INFO  
 
2019-11-14 18:19:12.107 INFO  transferToken callback: 
2019-11-14 18:19:12.107 INFO  2 
2019-11-14 18:19:12.107 INFO  933f3ae2-047d-4375-a52a-f62d8b639c37 
2019-11-14 18:19:12.107 INFO  10003 
2019-11-14 18:19:12.107 INFO  交易确认 
2019-11-14 18:19:12.107 INFO   
2019-11-14 18:19:12.107 INFO  {"blockHash":"0x285ed614127ad69334f8f1d6cc43d9dfc0ae5ff8dbafa8e9055dfa096776a921","blockNumber":5439174,"contractAddress":null,"cumulativeGasUsed":965808,"from":"0x119ef6adca1c5ad1435a55f8087218f03ef2fd65","gasUsed":21180,"logs":[{"address":"0xB14ECE5420A480E59B249b72B42188028fB420dc","blockHash":"0x285ed614127ad69334f8f1d6cc43d9dfc0ae5ff8dbafa8e9055dfa096776a921","blockNumber":5439174,"data":"0x000000000000000000000000000000000000000000001526e2973bfe135c0000","logIndex":2,"removed":false,"topics":["0xddf252ad1be2c89b69c2b068fc378daa952ba7f163c4a11628f55a4df523b3ef","0x000000000000000000000000119ef6adca1c5ad1435a55f8087218f03ef2fd65","0x00000000000000000000000036d1db197cae24948010463651dfb116a52c54f0"],"transactionHash":"0x8075486f87cc471385dca975b4974b7caa24ab9c4404e1cf52cea5b4b11d78d1","transactionIndex":2,"id":"log_47f71781"}],"logsBloom":"0x00000000000000000000000080000000000000000000400000000000000000000080000000000000000000200000000000000000010000000000000000000000000000000000000000000008008080000000000000000000000000000000000000000000000000000000000000000000000000000000000000000030000000000000000000000000000000000000000000000000000000000000020000000000000000000000000000000000000000000000000000000000000000000000000000000002000000000000000000000000000000000000000000000000000000000000000000000000000000000000000000000000000000000000000000000000","status":true,"to":"0xb14ece5420a480e59b249b72b42188028fb420dc","transactionHash":"0x8075486f87cc471385dca975b4974b7caa24ab9c4404e1cf52cea5b4b11d78d1","transactionIndex":2} 
2019-11-14 18:19:12.107 INFO  
 
2019-11-14 18:19:12.109 INFO  on receipt: 
2019-11-14 18:19:12.109 INFO  {"blockHash":"0x285ed614127ad69334f8f1d6cc43d9dfc0ae5ff8dbafa8e9055dfa096776a921","blockNumber":5439174,"contractAddress":null,"cumulativeGasUsed":965808,"from":"0x119ef6adca1c5ad1435a55f8087218f03ef2fd65","gasUsed":21180,"logs":[{"address":"0xB14ECE5420A480E59B249b72B42188028fB420dc","blockHash":"0x285ed614127ad69334f8f1d6cc43d9dfc0ae5ff8dbafa8e9055dfa096776a921","blockNumber":5439174,"data":"0x000000000000000000000000000000000000000000001526e2973bfe135c0000","logIndex":2,"removed":false,"topics":["0xddf252ad1be2c89b69c2b068fc378daa952ba7f163c4a11628f55a4df523b3ef","0x000000000000000000000000119ef6adca1c5ad1435a55f8087218f03ef2fd65","0x00000000000000000000000036d1db197cae24948010463651dfb116a52c54f0"],"transactionHash":"0x8075486f87cc471385dca975b4974b7caa24ab9c4404e1cf52cea5b4b11d78d1","transactionIndex":2,"id":"log_47f71781"}],"logsBloom":"0x00000000000000000000000080000000000000000000400000000000000000000080000000000000000000200000000000000000010000000000000000000000000000000000000000000008008080000000000000000000000000000000000000000000000000000000000000000000000000000000000000000030000000000000000000000000000000000000000000000000000000000000020000000000000000000000000000000000000000000000000000000000000000000000000000000002000000000000000000000000000000000000000000000000000000000000000000000000000000000000000000000000000000000000000000000000","status":true,"to":"0xb14ece5420a480e59b249b72b42188028fb420dc","transactionHash":"0x8075486f87cc471385dca975b4974b7caa24ab9c4404e1cf52cea5b4b11d78d1","transactionIndex":2} 
2019-11-14 18:19:12.109 INFO  
 
2019-11-14 18:19:12.109 INFO  transferToken callback: 
2019-11-14 18:19:12.109 INFO  2 
2019-11-14 18:19:12.109 INFO  933f3ae2-047d-4375-a52a-f62d8b639c37 
2019-11-14 18:19:12.109 INFO  10002 
2019-11-14 18:19:12.109 INFO  交易被接受 
2019-11-14 18:19:12.109 INFO   
2019-11-14 18:19:12.109 INFO  {"blockHash":"0x285ed614127ad69334f8f1d6cc43d9dfc0ae5ff8dbafa8e9055dfa096776a921","blockNumber":5439174,"contractAddress":null,"cumulativeGasUsed":965808,"from":"0x119ef6adca1c5ad1435a55f8087218f03ef2fd65","gasUsed":21180,"logs":[{"address":"0xB14ECE5420A480E59B249b72B42188028fB420dc","blockHash":"0x285ed614127ad69334f8f1d6cc43d9dfc0ae5ff8dbafa8e9055dfa096776a921","blockNumber":5439174,"data":"0x000000000000000000000000000000000000000000001526e2973bfe135c0000","logIndex":2,"removed":false,"topics":["0xddf252ad1be2c89b69c2b068fc378daa952ba7f163c4a11628f55a4df523b3ef","0x000000000000000000000000119ef6adca1c5ad1435a55f8087218f03ef2fd65","0x00000000000000000000000036d1db197cae24948010463651dfb116a52c54f0"],"transactionHash":"0x8075486f87cc471385dca975b4974b7caa24ab9c4404e1cf52cea5b4b11d78d1","transactionIndex":2,"id":"log_47f71781"}],"logsBloom":"0x00000000000000000000000080000000000000000000400000000000000000000080000000000000000000200000000000000000010000000000000000000000000000000000000000000008008080000000000000000000000000000000000000000000000000000000000000000000000000000000000000000030000000000000000000000000000000000000000000000000000000000000020000000000000000000000000000000000000000000000000000000000000000000000000000000002000000000000000000000000000000000000000000000000000000000000000000000000000000000000000000000000000000000000000000000000","status":true,"to":"0xb14ece5420a480e59b249b72b42188028fb420dc","transactionHash":"0x8075486f87cc471385dca975b4974b7caa24ab9c4404e1cf52cea5b4b11d78d1","transactionIndex":2} 
2019-11-14 18:19:12.109 INFO  
 
2019-11-14 18:19:12.119 INFO  交易完成:933f3ae2-047d-4375-a52a-f62d8b639c37 
2019-11-14 18:19:13.098 INFO  on confirmation:0 
2019-11-14 18:19:13.098 INFO  
 
2019-11-14 18:19:13.098 INFO  transferToken callback: 
2019-11-14 18:19:13.098 INFO  2 
2019-11-14 18:19:13.098 INFO  933f3ae2-047d-4375-a52a-f62d8b639c37 
2019-11-14 18:19:13.098 INFO  10003 
2019-11-14 18:19:13.099 INFO  交易确认 
2019-11-14 18:19:13.099 INFO   
2019-11-14 18:19:13.099 INFO  {"blockHash":"0x285ed614127ad69334f8f1d6cc43d9dfc0ae5ff8dbafa8e9055dfa096776a921","blockNumber":5439174,"contractAddress":null,"cumulativeGasUsed":965808,"from":"0x119ef6adca1c5ad1435a55f8087218f03ef2fd65","gasUsed":21180,"logs":[{"address":"0xB14ECE5420A480E59B249b72B42188028fB420dc","blockHash":"0x285ed614127ad69334f8f1d6cc43d9dfc0ae5ff8dbafa8e9055dfa096776a921","blockNumber":5439174,"data":"0x000000000000000000000000000000000000000000001526e2973bfe135c0000","logIndex":2,"removed":false,"topics":["0xddf252ad1be2c89b69c2b068fc378daa952ba7f163c4a11628f55a4df523b3ef","0x000000000000000000000000119ef6adca1c5ad1435a55f8087218f03ef2fd65","0x00000000000000000000000036d1db197cae24948010463651dfb116a52c54f0"],"transactionHash":"0x8075486f87cc471385dca975b4974b7caa24ab9c4404e1cf52cea5b4b11d78d1","transactionIndex":2,"id":"log_47f71781"}],"logsBloom":"0x00000000000000000000000080000000000000000000400000000000000000000080000000000000000000200000000000000000010000000000000000000000000000000000000000000008008080000000000000000000000000000000000000000000000000000000000000000000000000000000000000000030000000000000000000000000000000000000000000000000000000000000020000000000000000000000000000000000000000000000000000000000000000000000000000000002000000000000000000000000000000000000000000000000000000000000000000000000000000000000000000000000000000000000000000000000","status":true,"to":"0xb14ece5420a480e59b249b72b42188028fb420dc","transactionHash":"0x8075486f87cc471385dca975b4974b7caa24ab9c4404e1cf52cea5b4b11d78d1","transactionIndex":2} 
2019-11-14 18:19:13.099 INFO  
 
2019-11-14 18:19:13.108 INFO  交易完成:933f3ae2-047d-4375-a52a-f62d8b639c37 
2019-11-14 18:19:14.813 INFO  on confirmation:0 
2019-11-14 18:19:14.813 INFO  
 
2019-11-14 18:19:14.813 INFO  transferToken callback: 
2019-11-14 18:19:14.813 INFO  2 
2019-11-14 18:19:14.813 INFO  933f3ae2-047d-4375-a52a-f62d8b639c37 
2019-11-14 18:19:14.813 INFO  10003 
2019-11-14 18:19:14.813 INFO  交易确认 
2019-11-14 18:19:14.813 INFO   
2019-11-14 18:19:14.814 INFO  {"blockHash":"0x285ed614127ad69334f8f1d6cc43d9dfc0ae5ff8dbafa8e9055dfa096776a921","blockNumber":5439174,"contractAddress":null,"cumulativeGasUsed":965808,"from":"0x119ef6adca1c5ad1435a55f8087218f03ef2fd65","gasUsed":21180,"logs":[{"address":"0xB14ECE5420A480E59B249b72B42188028fB420dc","blockHash":"0x285ed614127ad69334f8f1d6cc43d9dfc0ae5ff8dbafa8e9055dfa096776a921","blockNumber":5439174,"data":"0x000000000000000000000000000000000000000000001526e2973bfe135c0000","logIndex":2,"removed":false,"topics":["0xddf252ad1be2c89b69c2b068fc378daa952ba7f163c4a11628f55a4df523b3ef","0x000000000000000000000000119ef6adca1c5ad1435a55f8087218f03ef2fd65","0x00000000000000000000000036d1db197cae24948010463651dfb116a52c54f0"],"transactionHash":"0x8075486f87cc471385dca975b4974b7caa24ab9c4404e1cf52cea5b4b11d78d1","transactionIndex":2,"id":"log_47f71781"}],"logsBloom":"0x00000000000000000000000080000000000000000000400000000000000000000080000000000000000000200000000000000000010000000000000000000000000000000000000000000008008080000000000000000000000000000000000000000000000000000000000000000000000000000000000000000030000000000000000000000000000000000000000000000000000000000000020000000000000000000000000000000000000000000000000000000000000000000000000000000002000000000000000000000000000000000000000000000000000000000000000000000000000000000000000000000000000000000000000000000000","status":true,"to":"0xb14ece5420a480e59b249b72b42188028fb420dc","transactionHash":"0x8075486f87cc471385dca975b4974b7caa24ab9c4404e1cf52cea5b4b11d78d1","transactionIndex":2} 
2019-11-14 18:19:14.814 INFO  
 
2019-11-14 18:19:14.821 INFO  交易完成:933f3ae2-047d-4375-a52a-f62d8b639c37 
2019-11-14 18:19:27.353 INFO  on confirmation:1 
2019-11-14 18:19:27.353 INFO  
 
2019-11-14 18:19:27.353 INFO  transferToken callback: 
2019-11-14 18:19:27.353 INFO  2 
2019-11-14 18:19:27.353 INFO  933f3ae2-047d-4375-a52a-f62d8b639c37 
2019-11-14 18:19:27.353 INFO  10003 
2019-11-14 18:19:27.353 INFO  交易确认 
2019-11-14 18:19:27.353 INFO  1 
2019-11-14 18:19:27.353 INFO  {"blockHash":"0x285ed614127ad69334f8f1d6cc43d9dfc0ae5ff8dbafa8e9055dfa096776a921","blockNumber":5439174,"contractAddress":null,"cumulativeGasUsed":965808,"from":"0x119ef6adca1c5ad1435a55f8087218f03ef2fd65","gasUsed":21180,"logs":[{"address":"0xB14ECE5420A480E59B249b72B42188028fB420dc","blockHash":"0x285ed614127ad69334f8f1d6cc43d9dfc0ae5ff8dbafa8e9055dfa096776a921","blockNumber":5439174,"data":"0x000000000000000000000000000000000000000000001526e2973bfe135c0000","logIndex":2,"removed":false,"topics":["0xddf252ad1be2c89b69c2b068fc378daa952ba7f163c4a11628f55a4df523b3ef","0x000000000000000000000000119ef6adca1c5ad1435a55f8087218f03ef2fd65","0x00000000000000000000000036d1db197cae24948010463651dfb116a52c54f0"],"transactionHash":"0x8075486f87cc471385dca975b4974b7caa24ab9c4404e1cf52cea5b4b11d78d1","transactionIndex":2,"id":"log_47f71781"}],"logsBloom":"0x00000000000000000000000080000000000000000000400000000000000000000080000000000000000000200000000000000000010000000000000000000000000000000000000000000008008080000000000000000000000000000000000000000000000000000000000000000000000000000000000000000030000000000000000000000000000000000000000000000000000000000000020000000000000000000000000000000000000000000000000000000000000000000000000000000002000000000000000000000000000000000000000000000000000000000000000000000000000000000000000000000000000000000000000000000000","status":true,"to":"0xb14ece5420a480e59b249b72b42188028fb420dc","transactionHash":"0x8075486f87cc471385dca975b4974b7caa24ab9c4404e1cf52cea5b4b11d78d1","transactionIndex":2} 
2019-11-14 18:19:27.353 INFO  
 
2019-11-14 18:19:27.362 INFO  交易完成:933f3ae2-047d-4375-a52a-f62d8b639c37 
2019-11-14 18:19:28.424 INFO  on confirmation:2 
2019-11-14 18:19:28.424 INFO  
 
2019-11-14 18:19:28.424 INFO  transferToken callback: 
2019-11-14 18:19:28.424 INFO  2 
2019-11-14 18:19:28.424 INFO  933f3ae2-047d-4375-a52a-f62d8b639c37 
2019-11-14 18:19:28.427 INFO  10003 
2019-11-14 18:19:28.428 INFO  交易确认 
2019-11-14 18:19:28.428 INFO  2 
2019-11-14 18:19:28.428 INFO  {"blockHash":"0x285ed614127ad69334f8f1d6cc43d9dfc0ae5ff8dbafa8e9055dfa096776a921","blockNumber":5439174,"contractAddress":null,"cumulativeGasUsed":965808,"from":"0x119ef6adca1c5ad1435a55f8087218f03ef2fd65","gasUsed":21180,"logs":[{"address":"0xB14ECE5420A480E59B249b72B42188028fB420dc","blockHash":"0x285ed614127ad69334f8f1d6cc43d9dfc0ae5ff8dbafa8e9055dfa096776a921","blockNumber":5439174,"data":"0x000000000000000000000000000000000000000000001526e2973bfe135c0000","logIndex":2,"removed":false,"topics":["0xddf252ad1be2c89b69c2b068fc378daa952ba7f163c4a11628f55a4df523b3ef","0x000000000000000000000000119ef6adca1c5ad1435a55f8087218f03ef2fd65","0x00000000000000000000000036d1db197cae24948010463651dfb116a52c54f0"],"transactionHash":"0x8075486f87cc471385dca975b4974b7caa24ab9c4404e1cf52cea5b4b11d78d1","transactionIndex":2,"id":"log_47f71781"}],"logsBloom":"0x00000000000000000000000080000000000000000000400000000000000000000080000000000000000000200000000000000000010000000000000000000000000000000000000000000008008080000000000000000000000000000000000000000000000000000000000000000000000000000000000000000030000000000000000000000000000000000000000000000000000000000000020000000000000000000000000000000000000000000000000000000000000000000000000000000002000000000000000000000000000000000000000000000000000000000000000000000000000000000000000000000000000000000000000000000000","status":true,"to":"0xb14ece5420a480e59b249b72b42188028fb420dc","transactionHash":"0x8075486f87cc471385dca975b4974b7caa24ab9c4404e1cf52cea5b4b11d78d1","transactionIndex":2} 
2019-11-14 18:19:28.428 INFO  
 
2019-11-14 18:19:28.438 INFO  交易完成:933f3ae2-047d-4375-a52a-f62d8b639c37 
2019-11-14 18:19:44.849 INFO  on confirmation:3 
2019-11-14 18:19:44.849 INFO  
 
2019-11-14 18:19:44.849 INFO  transferToken callback: 
2019-11-14 18:19:44.849 INFO  2 
2019-11-14 18:19:44.849 INFO  933f3ae2-047d-4375-a52a-f62d8b639c37 
2019-11-14 18:19:44.849 INFO  10003 
2019-11-14 18:19:44.849 INFO  交易确认 
2019-11-14 18:19:44.849 INFO  3 
2019-11-14 18:19:44.849 INFO  {"blockHash":"0x285ed614127ad69334f8f1d6cc43d9dfc0ae5ff8dbafa8e9055dfa096776a921","blockNumber":5439174,"contractAddress":null,"cumulativeGasUsed":965808,"from":"0x119ef6adca1c5ad1435a55f8087218f03ef2fd65","gasUsed":21180,"logs":[{"address":"0xB14ECE5420A480E59B249b72B42188028fB420dc","blockHash":"0x285ed614127ad69334f8f1d6cc43d9dfc0ae5ff8dbafa8e9055dfa096776a921","blockNumber":5439174,"data":"0x000000000000000000000000000000000000000000001526e2973bfe135c0000","logIndex":2,"removed":false,"topics":["0xddf252ad1be2c89b69c2b068fc378daa952ba7f163c4a11628f55a4df523b3ef","0x000000000000000000000000119ef6adca1c5ad1435a55f8087218f03ef2fd65","0x00000000000000000000000036d1db197cae24948010463651dfb116a52c54f0"],"transactionHash":"0x8075486f87cc471385dca975b4974b7caa24ab9c4404e1cf52cea5b4b11d78d1","transactionIndex":2,"id":"log_47f71781"}],"logsBloom":"0x00000000000000000000000080000000000000000000400000000000000000000080000000000000000000200000000000000000010000000000000000000000000000000000000000000008008080000000000000000000000000000000000000000000000000000000000000000000000000000000000000000030000000000000000000000000000000000000000000000000000000000000020000000000000000000000000000000000000000000000000000000000000000000000000000000002000000000000000000000000000000000000000000000000000000000000000000000000000000000000000000000000000000000000000000000000","status":true,"to":"0xb14ece5420a480e59b249b72b42188028fb420dc","transactionHash":"0x8075486f87cc471385dca975b4974b7caa24ab9c4404e1cf52cea5b4b11d78d1","transactionIndex":2} 
2019-11-14 18:19:44.849 INFO  
 
2019-11-14 18:19:44.863 INFO  交易完成:933f3ae2-047d-4375-a52a-f62d8b639c37 
2019-11-14 18:19:44.948 INFO  on confirmation:4 
2019-11-14 18:19:44.948 INFO  
 
2019-11-14 18:19:44.948 INFO  transferToken callback: 
2019-11-14 18:19:44.948 INFO  2 
2019-11-14 18:19:44.948 INFO  933f3ae2-047d-4375-a52a-f62d8b639c37 
2019-11-14 18:19:44.948 INFO  10003 
2019-11-14 18:19:44.948 INFO  交易确认 
2019-11-14 18:19:44.948 INFO  4 
2019-11-14 18:19:44.948 INFO  {"blockHash":"0x285ed614127ad69334f8f1d6cc43d9dfc0ae5ff8dbafa8e9055dfa096776a921","blockNumber":5439174,"contractAddress":null,"cumulativeGasUsed":965808,"from":"0x119ef6adca1c5ad1435a55f8087218f03ef2fd65","gasUsed":21180,"logs":[{"address":"0xB14ECE5420A480E59B249b72B42188028fB420dc","blockHash":"0x285ed614127ad69334f8f1d6cc43d9dfc0ae5ff8dbafa8e9055dfa096776a921","blockNumber":5439174,"data":"0x000000000000000000000000000000000000000000001526e2973bfe135c0000","logIndex":2,"removed":false,"topics":["0xddf252ad1be2c89b69c2b068fc378daa952ba7f163c4a11628f55a4df523b3ef","0x000000000000000000000000119ef6adca1c5ad1435a55f8087218f03ef2fd65","0x00000000000000000000000036d1db197cae24948010463651dfb116a52c54f0"],"transactionHash":"0x8075486f87cc471385dca975b4974b7caa24ab9c4404e1cf52cea5b4b11d78d1","transactionIndex":2,"id":"log_47f71781"}],"logsBloom":"0x00000000000000000000000080000000000000000000400000000000000000000080000000000000000000200000000000000000010000000000000000000000000000000000000000000008008080000000000000000000000000000000000000000000000000000000000000000000000000000000000000000030000000000000000000000000000000000000000000000000000000000000020000000000000000000000000000000000000000000000000000000000000000000000000000000002000000000000000000000000000000000000000000000000000000000000000000000000000000000000000000000000000000000000000000000000","status":true,"to":"0xb14ece5420a480e59b249b72b42188028fb420dc","transactionHash":"0x8075486f87cc471385dca975b4974b7caa24ab9c4404e1cf52cea5b4b11d78d1","transactionIndex":2} 
2019-11-14 18:19:44.948 INFO  
 
2019-11-14 18:19:44.958 INFO  交易完成:933f3ae2-047d-4375-a52a-f62d8b639c37 
2019-11-14 18:19:58.188 INFO  on confirmation:5 
